<?xml version="1.0" encoding="UTF-8"?>
<coverage generated="1498337849">
  <project timestamp="1498337849">
    <package name="Awin\ReportTask\Bundle\ReportBundle\Command">
      <file name="/Users/pyue/Downloads/task/src/Bundle/ReportBundle/Command/ReportCommand.php">
        <class name="ReportCommand" namespace="Awin\ReportTask\Bundle\ReportBundle\Command">
          <metrics complexity="2" methods="2" coveredmethods="2" conditionals="0" coveredconditionals="0" statements="27" coveredstatements="27" elements="29" coveredelements="29"/>
        </class>
        <line num="32" type="method" name="configure" visibility="protected" complexity="1" crap="1" count="1"/>
        <line num="34" type="stmt" count="1"/>
        <line num="35" type="stmt" count="1"/>
        <line num="36" type="stmt" count="1"/>
        <line num="37" type="stmt" count="1"/>
        <line num="38" type="stmt" count="1"/>
        <line num="39" type="stmt" count="1"/>
        <line num="41" type="stmt" count="1"/>
        <line num="42" type="stmt" count="1"/>
        <line num="43" type="stmt" count="1"/>
        <line num="44" type="stmt" count="1"/>
        <line num="45" type="stmt" count="1"/>
        <line num="48" type="stmt" count="1"/>
        <line num="58" type="method" name="execute" visibility="protected" complexity="1" crap="1" count="1"/>
        <line num="60" type="stmt" count="1"/>
        <line num="61" type="stmt" count="1"/>
        <line num="62" type="stmt" count="1"/>
        <line num="63" type="stmt" count="1"/>
        <line num="65" type="stmt" count="1"/>
        <line num="66" type="stmt" count="1"/>
        <line num="67" type="stmt" count="1"/>
        <line num="69" type="stmt" count="1"/>
        <line num="70" type="stmt" count="1"/>
        <line num="71" type="stmt" count="1"/>
        <line num="72" type="stmt" count="1"/>
        <line num="73" type="stmt" count="1"/>
        <line num="75" type="stmt" count="1"/>
        <line num="77" type="stmt" count="1"/>
        <line num="78" type="stmt" count="1"/>
        <metrics loc="78" ncloc="59" classes="1" methods="2" coveredmethods="2" conditionals="0" coveredconditionals="0" statements="27" coveredstatements="27" elements="29" coveredelements="29"/>
      </file>
    </package>
    <package name="Awin\ReportTask\Bundle\ReportBundle\Controller\v1">
      <file name="/Users/pyue/Downloads/task/src/Bundle/ReportBundle/Controller/v1/DefaultController.php">
        <class name="DefaultController" namespace="Awin\ReportTask\Bundle\ReportBundle\Controller\v1">
          <metrics complexity="1" methods="1" coveredmethods="0" conditionals="0" coveredconditionals="0" statements="2" coveredstatements="0" elements="3" coveredelements="0"/>
        </class>
        <line num="37" type="method" name="getStatusAction" visibility="public" complexity="1" crap="2" count="0"/>
        <line num="39" type="stmt" count="0"/>
        <line num="40" type="stmt" count="0"/>
        <metrics loc="42" ncloc="15" classes="1" methods="1" coveredmethods="0" conditionals="0" coveredconditionals="0" statements="2" coveredstatements="0" elements="3" coveredelements="0"/>
      </file>
      <file name="/Users/pyue/Downloads/task/src/Bundle/ReportBundle/Controller/v1/PhoneNumberController.php">
        <class name="PhoneNumberController" namespace="Awin\ReportTask\Bundle\ReportBundle\Controller\v1">
          <metrics complexity="1" methods="1" coveredmethods="0" conditionals="0" coveredconditionals="0" statements="13" coveredstatements="0" elements="14" coveredelements="0"/>
        </class>
        <line num="44" type="method" name="generateReport" visibility="public" complexity="1" crap="2" count="0"/>
        <line num="46" type="stmt" count="0"/>
        <line num="47" type="stmt" count="0"/>
        <line num="49" type="stmt" count="0"/>
        <line num="50" type="stmt" count="0"/>
        <line num="51" type="stmt" count="0"/>
        <line num="52" type="stmt" count="0"/>
        <line num="53" type="stmt" count="0"/>
        <line num="54" type="stmt" count="0"/>
        <line num="55" type="stmt" count="0"/>
        <line num="57" type="stmt" count="0"/>
        <line num="59" type="stmt" count="0"/>
        <line num="60" type="stmt" count="0"/>
        <line num="63" type="stmt" count="0"/>
        <metrics loc="64" ncloc="38" classes="1" methods="1" coveredmethods="0" conditionals="0" coveredconditionals="0" statements="13" coveredstatements="0" elements="14" coveredelements="0"/>
      </file>
    </package>
    <package name="Awin\ReportTask\Bundle\ReportBundle\DependencyInjection">
      <file name="/Users/pyue/Downloads/task/src/Bundle/ReportBundle/DependencyInjection/ApiExtension.php">
        <class name="ApiExtension" namespace="Awin\ReportTask\Bundle\ReportBundle\DependencyInjection">
          <metrics complexity="1" methods="1" coveredmethods="0" conditionals="0" coveredconditionals="0" statements="7" coveredstatements="6" elements="8" coveredelements="6"/>
        </class>
        <line num="15" type="method" name="load" visibility="public" complexity="1" crap="1.00" count="1"/>
        <line num="17" type="stmt" count="1"/>
        <line num="19" type="stmt" count="1"/>
        <line num="20" type="stmt" count="0"/>
        <line num="21" type="stmt" count="1"/>
        <line num="22" type="stmt" count="1"/>
        <line num="26" type="stmt" count="1"/>
        <line num="27" type="stmt" count="1"/>
        <metrics loc="28" ncloc="25" classes="1" methods="1" coveredmethods="0" conditionals="0" coveredconditionals="0" statements="7" coveredstatements="6" elements="8" coveredelements="6"/>
      </file>
      <file name="/Users/pyue/Downloads/task/src/Bundle/ReportBundle/DependencyInjection/Configuration.php">
        <class name="Configuration" namespace="Awin\ReportTask\Bundle\ReportBundle\DependencyInjection">
          <metrics complexity="1" methods="1" coveredmethods="1" conditionals="0" coveredconditionals="0" statements="3" coveredstatements="3" elements="4" coveredelements="4"/>
        </class>
        <line num="14" type="method" name="getConfigTreeBuilder" visibility="public" complexity="1" crap="1" count="1"/>
        <line num="16" type="stmt" count="1"/>
        <line num="17" type="stmt" count="1"/>
        <line num="19" type="stmt" count="1"/>
        <metrics loc="22" ncloc="19" classes="1" methods="1" coveredmethods="1" conditionals="0" coveredconditionals="0" statements="3" coveredstatements="3" elements="4" coveredelements="4"/>
      </file>
    </package>
    <package name="Awin\ReportTask\Bundle\ReportBundle\Exception">
      <file name="/Users/pyue/Downloads/task/src/Bundle/ReportBundle/Exception/CurrencyNotFoundException.php">
        <class name="CurrencyNotFoundException" namespace="Awin\ReportTask\Bundle\ReportBundle\Exception">
          <metrics complexity="1" methods="1" coveredmethods="1" conditionals="0" coveredconditionals="0" statements="3" coveredstatements="3" elements="4" coveredelements="4"/>
        </class>
        <line num="18" type="method" name="__construct" visibility="public" complexity="1" crap="1" count="4"/>
        <line num="20" type="stmt" count="4"/>
        <line num="22" type="stmt" count="4"/>
        <line num="23" type="stmt" count="4"/>
        <metrics loc="23" ncloc="15" classes="1" methods="1" coveredmethods="1" conditionals="0" coveredconditionals="0" statements="3" coveredstatements="3" elements="4" coveredelements="4"/>
      </file>
      <file name="/Users/pyue/Downloads/task/src/Bundle/ReportBundle/Exception/ErrorCode.php">
        <class name="ErrorCode" namespace="Awin\ReportTask\Bundle\ReportBundle\Exception">
          <metrics complexity="0" methods="0" coveredmethods="0" conditionals="0" coveredconditionals="0" statements="0" coveredstatements="0" elements="0" coveredelements="0"/>
        </class>
        <metrics loc="17" ncloc="9" classes="0" methods="0" coveredmethods="0" conditionals="0" coveredconditionals="0" statements="0" coveredstatements="0" elements="0" coveredelements="0"/>
      </file>
      <file name="/Users/pyue/Downloads/task/src/Bundle/ReportBundle/Exception/TransactionRepositoryNotFoundException.php">
        <class name="TransactionRepositoryNotFoundException" namespace="Awin\ReportTask\Bundle\ReportBundle\Exception">
          <metrics complexity="1" methods="1" coveredmethods="1" conditionals="0" coveredconditionals="0" statements="3" coveredstatements="3" elements="4" coveredelements="4"/>
        </class>
        <line num="18" type="method" name="__construct" visibility="public" complexity="1" crap="1" count="2"/>
        <line num="20" type="stmt" count="2"/>
        <line num="22" type="stmt" count="2"/>
        <line num="23" type="stmt" count="2"/>
        <metrics loc="23" ncloc="15" classes="1" methods="1" coveredmethods="1" conditionals="0" coveredconditionals="0" statements="3" coveredstatements="3" elements="4" coveredelements="4"/>
      </file>
    </package>
    <package name="Awin\ReportTask\Bundle\ReportBundle\Model">
      <file name="/Users/pyue/Downloads/task/src/Bundle/ReportBundle/Model/CurrencyConverter.php">
        <class name="CurrencyConverter" namespace="Awin\ReportTask\Bundle\ReportBundle\Model">
          <metrics complexity="8" methods="6" coveredmethods="6" conditionals="0" coveredconditionals="0" statements="17" coveredstatements="17" elements="23" coveredelements="23"/>
        </class>
        <line num="41" type="method" name="__construct" visibility="public" complexity="1" crap="1" count="27"/>
        <line num="43" type="stmt" count="27"/>
        <line num="44" type="stmt" count="27"/>
        <line num="45" type="stmt" count="27"/>
        <line num="54" type="method" name="convert" visibility="public" complexity="1" crap="1" count="10"/>
        <line num="56" type="stmt" count="10"/>
        <line num="58" type="stmt" count="10"/>
        <line num="59" type="stmt" count="10"/>
        <line num="60" type="stmt" count="10"/>
        <line num="73" type="method" name="setOriginalCurrency" visibility="public" complexity="2" crap="2" count="13"/>
        <line num="75" type="stmt" count="13"/>
        <line num="76" type="stmt" count="1"/>
        <line num="79" type="stmt" count="12"/>
        <line num="81" type="stmt" count="12"/>
        <line num="89" type="method" name="getOriginalCurrency" visibility="public" complexity="1" crap="1" count="11"/>
        <line num="91" type="stmt" count="11"/>
        <line num="102" type="method" name="setTargetCurrency" visibility="public" complexity="2" crap="2" count="13"/>
        <line num="104" type="stmt" count="13"/>
        <line num="105" type="stmt" count="1"/>
        <line num="108" type="stmt" count="12"/>
        <line num="110" type="stmt" count="12"/>
        <line num="118" type="method" name="getTargetCurrency" visibility="public" complexity="1" crap="1" count="11"/>
        <line num="120" type="stmt" count="11"/>
        <metrics loc="121" ncloc="64" classes="1" methods="6" coveredmethods="6" conditionals="0" coveredconditionals="0" statements="17" coveredstatements="17" elements="23" coveredelements="23"/>
      </file>
      <file name="/Users/pyue/Downloads/task/src/Bundle/ReportBundle/Model/CurrencyWebservice.php">
        <class name="CurrencyWebservice" namespace="Awin\ReportTask\Bundle\ReportBundle\Model">
          <metrics complexity="13" methods="1" coveredmethods="0" conditionals="0" coveredconditionals="0" statements="39" coveredstatements="35" elements="40" coveredelements="35"/>
        </class>
        <line num="15" type="method" name="getExchangeRate" visibility="public" complexity="13" crap="13.18" count="19"/>
        <line num="17" type="stmt" count="19"/>
        <line num="20" type="stmt" count="19"/>
        <line num="22" type="stmt" count="7"/>
        <line num="23" type="stmt" count="3"/>
        <line num="24" type="stmt" count="3"/>
        <line num="25" type="stmt" count="5"/>
        <line num="26" type="stmt" count="3"/>
        <line num="27" type="stmt" count="3"/>
        <line num="28" type="stmt" count="3"/>
        <line num="29" type="stmt" count="3"/>
        <line num="30" type="stmt" count="3"/>
        <line num="32" type="stmt" count="0"/>
        <line num="34" type="stmt" count="7"/>
        <line num="35" type="stmt" count="13"/>
        <line num="37" type="stmt" count="7"/>
        <line num="38" type="stmt" count="3"/>
        <line num="39" type="stmt" count="3"/>
        <line num="40" type="stmt" count="5"/>
        <line num="41" type="stmt" count="3"/>
        <line num="42" type="stmt" count="3"/>
        <line num="43" type="stmt" count="3"/>
        <line num="44" type="stmt" count="3"/>
        <line num="45" type="stmt" count="3"/>
        <line num="47" type="stmt" count="0"/>
        <line num="49" type="stmt" count="7"/>
        <line num="50" type="stmt" count="7"/>
        <line num="52" type="stmt" count="7"/>
        <line num="53" type="stmt" count="3"/>
        <line num="54" type="stmt" count="3"/>
        <line num="55" type="stmt" count="5"/>
        <line num="56" type="stmt" count="3"/>
        <line num="57" type="stmt" count="3"/>
        <line num="58" type="stmt" count="3"/>
        <line num="59" type="stmt" count="3"/>
        <line num="60" type="stmt" count="3"/>
        <line num="62" type="stmt" count="0"/>
        <line num="64" type="stmt" count="7"/>
        <line num="66" type="stmt" count="0"/>
        <line num="72" type="stmt" count="19"/>
        <metrics loc="73" ncloc="64" classes="1" methods="1" coveredmethods="0" conditionals="0" coveredconditionals="0" statements="39" coveredstatements="35" elements="40" coveredelements="35"/>
      </file>
      <file name="/Users/pyue/Downloads/task/src/Bundle/ReportBundle/Model/Merchant.php">
        <class name="Merchant" namespace="Awin\ReportTask\Bundle\ReportBundle\Model">
          <metrics complexity="5" methods="4" coveredmethods="4" conditionals="0" coveredconditionals="0" statements="9" coveredstatements="9" elements="13" coveredelements="13"/>
        </class>
        <line num="16" type="method" name="setTransactionRepository" visibility="public" complexity="1" crap="1" count="5"/>
        <line num="18" type="stmt" count="5"/>
        <line num="20" type="stmt" count="5"/>
        <line num="28" type="method" name="getTransactionRepository" visibility="public" complexity="1" crap="1" count="6"/>
        <line num="30" type="stmt" count="6"/>
        <line num="40" type="method" name="getTransactionsByMerchantId" visibility="public" complexity="2" crap="2" count="5"/>
        <line num="42" type="stmt" count="5"/>
        <line num="43" type="stmt" count="2"/>
        <line num="46" type="stmt" count="3"/>
        <line num="47" type="stmt" count="3"/>
        <line num="48" type="method" name="anonymous function" complexity="1" crap="1" count="3"/>
        <line num="49" type="stmt" count="3"/>
        <line num="50" type="stmt" count="3"/>
        <metrics loc="52" ncloc="35" classes="1" methods="4" coveredmethods="4" conditionals="0" coveredconditionals="0" statements="9" coveredstatements="9" elements="13" coveredelements="13"/>
      </file>
      <file name="/Users/pyue/Downloads/task/src/Bundle/ReportBundle/Model/TransactionCsvStorage.php">
        <class name="TransactionCsvStorage" namespace="Awin\ReportTask\Bundle\ReportBundle\Model">
          <metrics complexity="7" methods="4" coveredmethods="3" conditionals="0" coveredconditionals="0" statements="18" coveredstatements="17" elements="22" coveredelements="20"/>
        </class>
        <line num="39" type="method" name="__construct" visibility="public" complexity="2" crap="2" count="8"/>
        <line num="41" type="stmt" count="8"/>
        <line num="43" type="stmt" count="8"/>
        <line num="44" type="stmt" count="1"/>
        <line num="46" type="stmt" count="8"/>
        <line num="57" type="method" name="getData" visibility="public" complexity="1" crap="1" count="5"/>
        <line num="59" type="stmt" count="5"/>
        <line num="60" type="stmt" count="5"/>
        <line num="61" type="stmt" count="5"/>
        <line num="63" type="stmt" count="5"/>
        <line num="73" type="method" name="setData" visibility="public" complexity="1" crap="1" count="2"/>
        <line num="75" type="stmt" count="2"/>
        <line num="77" type="stmt" count="2"/>
        <line num="87" type="method" name="save" visibility="public" complexity="3" crap="3.02" count="1"/>
        <line num="90" type="stmt" count="1"/>
        <line num="91" type="stmt" count="1"/>
        <line num="94" type="stmt" count="1"/>
        <line num="96" type="stmt" count="1"/>
        <line num="97" type="stmt" count="1"/>
        <line num="107" type="stmt" count="1"/>
        <line num="108" type="stmt" count="0"/>
        <line num="112" type="stmt" count="1"/>
        <metrics loc="113" ncloc="65" classes="1" methods="4" coveredmethods="3" conditionals="0" coveredconditionals="0" statements="18" coveredstatements="17" elements="22" coveredelements="20"/>
      </file>
      <file name="/Users/pyue/Downloads/task/src/Bundle/ReportBundle/Model/TransactionTable.php">
        <class name="TransactionTable" namespace="Awin\ReportTask\Bundle\ReportBundle\Model">
          <metrics complexity="6" methods="3" coveredmethods="3" conditionals="0" coveredconditionals="0" statements="21" coveredstatements="21" elements="24" coveredelements="24"/>
        </class>
        <line num="28" type="method" name="__construct" visibility="public" complexity="1" crap="1" count="6"/>
        <line num="30" type="stmt" count="6"/>
        <line num="31" type="stmt" count="6"/>
        <line num="40" type="method" name="getTransactions" visibility="public" complexity="2" crap="2" count="4"/>
        <line num="42" type="stmt" count="4"/>
        <line num="43" type="stmt" count="4"/>
        <line num="44" type="stmt" count="4"/>
        <line num="45" type="stmt" count="4"/>
        <line num="46" type="stmt" count="4"/>
        <line num="47" type="stmt" count="4"/>
        <line num="48" type="stmt" count="4"/>
        <line num="51" type="stmt" count="4"/>
        <line num="61" type="method" name="getTransactionsByDate" visibility="public" complexity="3" crap="3" count="1"/>
        <line num="63" type="stmt" count="1"/>
        <line num="65" type="stmt" count="1"/>
        <line num="67" type="stmt" count="1"/>
        <line num="68" type="stmt" count="1"/>
        <line num="70" type="stmt" count="1"/>
        <line num="71" type="stmt" count="1"/>
        <line num="72" type="stmt" count="1"/>
        <line num="73" type="stmt" count="1"/>
        <line num="74" type="stmt" count="1"/>
        <line num="75" type="stmt" count="1"/>
        <line num="79" type="stmt" count="1"/>
        <metrics loc="80" ncloc="47" classes="1" methods="3" coveredmethods="3" conditionals="0" coveredconditionals="0" statements="21" coveredstatements="21" elements="24" coveredelements="24"/>
      </file>
    </package>
    <file name="/Users/pyue/Downloads/task/src/Bundle/ReportBundle/Model/TransactionStorageInterface.php">
      <metrics loc="44" ncloc="12" classes="0" methods="0" coveredmethods="0" conditionals="0" coveredconditionals="0" statements="0" coveredstatements="0" elements="0" coveredelements="0"/>
    </file>
    <package name="Awin\ReportTask\Bundle\ReportBundle">
      <file name="/Users/pyue/Downloads/task/src/Bundle/ReportBundle/ReportBundle.php">
        <class name="ReportBundle" namespace="Awin\ReportTask\Bundle\ReportBundle">
          <metrics complexity="4" methods="3" coveredmethods="3" conditionals="0" coveredconditionals="0" statements="5" coveredstatements="5" elements="8" coveredelements="8"/>
        </class>
        <line num="23" type="method" name="getPath" visibility="public" complexity="1" crap="1" count="1"/>
        <line num="25" type="stmt" count="1"/>
        <line num="31" type="method" name="getContainerExtension" visibility="public" complexity="2" crap="2" count="2"/>
        <line num="33" type="stmt" count="2"/>
        <line num="34" type="stmt" count="2"/>
        <line num="37" type="stmt" count="2"/>
        <line num="43" type="method" name="getContainerExtensionClass" visibility="public" complexity="1" crap="1" count="1"/>
        <line num="45" type="stmt" count="1"/>
        <metrics loc="48" ncloc="33" classes="1" methods="3" coveredmethods="3" conditionals="0" coveredconditionals="0" statements="5" coveredstatements="5" elements="8" coveredelements="8"/>
      </file>
    </package>
    <package name="Awin\ReportTask\Bundle\ReportBundle\Service">
      <file name="/Users/pyue/Downloads/task/src/Bundle/ReportBundle/Service/CurrencyService.php">
        <class name="CurrencyService" namespace="Awin\ReportTask\Bundle\ReportBundle\Service">
          <metrics complexity="8" methods="6" coveredmethods="6" conditionals="0" coveredconditionals="0" statements="13" coveredstatements="13" elements="19" coveredelements="19"/>
        </class>
        <line num="44" type="method" name="__construct" visibility="public" complexity="1" crap="1" count="12"/>
        <line num="46" type="stmt" count="12"/>
        <line num="47" type="stmt" count="12"/>
        <line num="48" type="stmt" count="12"/>
        <line num="55" type="method" name="getCurrencyConverter" visibility="public" complexity="1" crap="1" count="2"/>
        <line num="57" type="stmt" count="2"/>
        <line num="65" type="method" name="getCurrencyWebservice" visibility="public" complexity="1" crap="1" count="1"/>
        <line num="67" type="stmt" count="1"/>
        <line num="75" type="method" name="getCurrencies" visibility="public" complexity="1" crap="1" count="2"/>
        <line num="77" type="stmt" count="2"/>
        <line num="88" type="method" name="currencyToSymbol" visibility="public" complexity="2" crap="2" count="4"/>
        <line num="90" type="stmt" count="4"/>
        <line num="91" type="stmt" count="1"/>
        <line num="93" type="stmt" count="3"/>
        <line num="104" type="method" name="symbolToCurrency" visibility="public" complexity="2" crap="2" count="5"/>
        <line num="106" type="stmt" count="5"/>
        <line num="107" type="stmt" count="5"/>
        <line num="108" type="stmt" count="1"/>
        <line num="110" type="stmt" count="4"/>
        <metrics loc="111" ncloc="58" classes="1" methods="6" coveredmethods="6" conditionals="0" coveredconditionals="0" statements="13" coveredstatements="13" elements="19" coveredelements="19"/>
      </file>
      <file name="/Users/pyue/Downloads/task/src/Bundle/ReportBundle/Service/MerchantTransactionService.php">
        <class name="MerchantTransactionService" namespace="Awin\ReportTask\Bundle\ReportBundle\Service">
          <metrics complexity="12" methods="6" coveredmethods="5" conditionals="0" coveredconditionals="0" statements="24" coveredstatements="23" elements="30" coveredelements="28"/>
        </class>
        <line num="42" type="method" name="setTransactionRepository" visibility="public" complexity="1" crap="1" count="3"/>
        <line num="44" type="stmt" count="3"/>
        <line num="46" type="stmt" count="3"/>
        <line num="54" type="method" name="setMerchantRepository" visibility="public" complexity="1" crap="1" count="2"/>
        <line num="56" type="stmt" count="2"/>
        <line num="58" type="stmt" count="2"/>
        <line num="69" type="method" name="filterTransactionsByMerchantId" visibility="public" complexity="2" crap="2" count="3"/>
        <line num="72" type="stmt" count="3"/>
        <line num="73" type="stmt" count="1"/>
        <line num="74" type="stmt" count="2"/>
        <line num="75" type="stmt" count="2"/>
        <line num="76" type="stmt" count="2"/>
        <line num="78" type="stmt" count="3"/>
        <line num="89" type="method" name="filterTransactionsByDate" visibility="public" complexity="1" crap="1" count="1"/>
        <line num="91" type="stmt" count="1"/>
        <line num="93" type="stmt" count="1"/>
        <line num="101" type="method" name="getReportData" visibility="public" complexity="2" crap="2" count="3"/>
        <line num="103" type="stmt" count="3"/>
        <line num="105" type="stmt" count="3"/>
        <line num="106" type="stmt" count="2"/>
        <line num="109" type="stmt" count="3"/>
        <line num="121" type="method" name="array_intersect_recursive" visibility="public" complexity="5" crap="5.05" count="2"/>
        <line num="123" type="stmt" count="2"/>
        <line num="124" type="stmt" count="2"/>
        <line num="125" type="stmt" count="0"/>
        <line num="127" type="stmt" count="2"/>
        <line num="128" type="stmt" count="1"/>
        <line num="129" type="stmt" count="2"/>
        <line num="130" type="stmt" count="2"/>
        <line num="134" type="stmt" count="2"/>
        <metrics loc="135" ncloc="73" classes="1" methods="6" coveredmethods="5" conditionals="0" coveredconditionals="0" statements="24" coveredstatements="23" elements="30" coveredelements="28"/>
      </file>
      <file name="/Users/pyue/Downloads/task/src/Bundle/ReportBundle/Service/ReportService.php">
        <class name="ReportService" namespace="Awin\ReportTask\Bundle\ReportBundle\Service">
          <metrics complexity="7" methods="6" coveredmethods="6" conditionals="0" coveredconditionals="0" statements="17" coveredstatements="17" elements="23" coveredelements="23"/>
        </class>
        <line num="43" type="method" name="generate" visibility="public" complexity="1" crap="1" count="2"/>
        <line num="51" type="stmt" count="2"/>
        <line num="52" type="stmt" count="2"/>
        <line num="53" type="stmt" count="2"/>
        <line num="54" type="stmt" count="2"/>
        <line num="56" type="stmt" count="2"/>
        <line num="66" type="method" name="setReportFilePath" visibility="public" complexity="1" crap="1" count="2"/>
        <line num="68" type="stmt" count="2"/>
        <line num="70" type="stmt" count="2"/>
        <line num="78" type="method" name="getReportFilePath" visibility="public" complexity="1" crap="1" count="2"/>
        <line num="80" type="stmt" count="2"/>
        <line num="90" type="method" name="attach" visibility="public" complexity="1" crap="1" count="4"/>
        <line num="92" type="stmt" count="4"/>
        <line num="94" type="stmt" count="4"/>
        <line num="104" type="method" name="detach" visibility="public" complexity="1" crap="1" count="1"/>
        <line num="106" type="stmt" count="1"/>
        <line num="108" type="stmt" count="1"/>
        <line num="110" type="stmt" count="1"/>
        <line num="119" type="method" name="notify" visibility="public" complexity="2" crap="2" count="3"/>
        <line num="121" type="stmt" count="3"/>
        <line num="122" type="stmt" count="3"/>
        <line num="123" type="stmt" count="3"/>
        <line num="126" type="stmt" count="3"/>
        <metrics loc="127" ncloc="68" classes="1" methods="6" coveredmethods="6" conditionals="0" coveredconditionals="0" statements="17" coveredstatements="17" elements="23" coveredelements="23"/>
      </file>
    </package>
    <file name="/Users/pyue/Downloads/task/src/Bundle/ReportBundle/Service/CurrencyServiceInterface.php">
      <metrics loc="38" ncloc="15" classes="0" methods="0" coveredmethods="0" conditionals="0" coveredconditionals="0" statements="0" coveredstatements="0" elements="0" coveredelements="0"/>
    </file>
    <file name="/Users/pyue/Downloads/task/src/Bundle/ReportBundle/Service/MerchantTransactionServiceInterface.php">
      <metrics loc="41" ncloc="12" classes="0" methods="0" coveredmethods="0" conditionals="0" coveredconditionals="0" statements="0" coveredstatements="0" elements="0" coveredelements="0"/>
    </file>
    <package name="Awin\ReportTask\Bundle\ReportBundle\Service\Observer">
      <file name="/Users/pyue/Downloads/task/src/Bundle/ReportBundle/Service/Observer/ReportObserver.php">
        <class name="ReportObserver" namespace="Awin\ReportTask\Bundle\ReportBundle\Service\Observer">
          <metrics complexity="3" methods="1" coveredmethods="1" conditionals="0" coveredconditionals="0" statements="11" coveredstatements="11" elements="12" coveredelements="12"/>
        </class>
        <line num="26" type="method" name="listenReportGeneration" visibility="public" complexity="3" crap="3" count="2"/>
        <line num="28" type="stmt" count="2"/>
        <line num="29" type="stmt" count="2"/>
        <line num="30" type="stmt" count="2"/>
        <line num="31" type="stmt" count="2"/>
        <line num="33" type="stmt" count="2"/>
        <line num="34" type="stmt" count="2"/>
        <line num="35" type="stmt" count="2"/>
        <line num="36" type="stmt" count="2"/>
        <line num="37" type="stmt" count="2"/>
        <line num="39" type="stmt" count="2"/>
        <line num="42" type="stmt" count="2"/>
        <metrics loc="43" ncloc="27" classes="1" methods="1" coveredmethods="1" conditionals="0" coveredconditionals="0" statements="11" coveredstatements="11" elements="12" coveredelements="12"/>
      </file>
    </package>
    <file name="/Users/pyue/Downloads/task/src/Bundle/ReportBundle/Service/Observer/ReportObserverInterface.php">
      <metrics loc="26" ncloc="10" classes="0" methods="0" coveredmethods="0" conditionals="0" coveredconditionals="0" statements="0" coveredstatements="0" elements="0" coveredelements="0"/>
    </file>
    <file name="/Users/pyue/Downloads/task/src/Bundle/ReportBundle/Service/ReportServiceInterface.php">
      <metrics loc="35" ncloc="16" classes="0" methods="0" coveredmethods="0" conditionals="0" coveredconditionals="0" statements="0" coveredstatements="0" elements="0" coveredelements="0"/>
    </file>
    <metrics files="23" loc="1384" ncloc="794" classes="17" methods="48" coveredmethods="42" conditionals="0" coveredconditionals="0" statements="232" coveredstatements="210" elements="280" coveredelements="252"/>
  </project>
</coverage>
